<?xml version="1.0" encoding="UTF-8"?>
<testng-results skipped="0" failed="0" ignored="0" total="1" passed="1">
  <reporter-output>
  </reporter-output>
  <suite name="Default suite" duration-ms="20676" started-at="2018-06-13T13:26:14Z" finished-at="2018-06-13T13:26:35Z">
    <groups>
    </groups>
    <test name="Default test" duration-ms="20676" started-at="2018-06-13T13:26:14Z" finished-at="2018-06-13T13:26:35Z">
      <class name="hesab.az.hesab_az">
        <test-method status="PASS" signature="beforeTest()[pri:0, instance:hesab.az.hesab_az@1794d431]" name="beforeTest" is-config="true" duration-ms="8457" started-at="2018-06-13T13:26:14Z" finished-at="2018-06-13T13:26:22Z">
          <reporter-output>
          </reporter-output>
        </test-method> <!-- beforeTest -->
        <test-method status="PASS" signature="test()[pri:0, instance:hesab.az.hesab_az@1794d431]" name="test" duration-ms="11943" started-at="2018-06-13T13:26:22Z" finished-at="2018-06-13T13:26:34Z">
          <reporter-output>
          </reporter-output>
        </test-method> <!-- test -->
        <test-method status="PASS" signature="afterMethod()[pri:0, instance:hesab.az.hesab_az@1794d431]" name="afterMethod" is-config="true" duration-ms="251" started-at="2018-06-13T13:26:34Z" finished-at="2018-06-13T13:26:35Z">
          <reporter-output>
          </reporter-output>
        </test-method> <!-- afterMethod -->
      </class> <!-- hesab.az.hesab_az -->
    </test> <!-- Default test -->
  </suite> <!-- Default suite -->
</testng-results>
